[90m       0 [94m~ [37m[94mThread log started[90m[string [37mlog id [95mserver[90m][94m[90m[string [37mthread id [95m138805774386880[90m][94m
[90m      60 [94m~ [37m[94mPayload loop before default event
[90m 1000451 [94m~ [37m[94mProcess stoped
[90m       0 [94m~ [37m[94mThread log started[90m[string [37mlog id [95mserver[90m][94m[90m[string [37mthread id [95m138805774386880[90m][94m
[90m      93 [94m~ [37m[94mPayload loop before default event
[90m42007968 [94m~ [37m[94mProcess stoped
[90m       0 [94m~ [37m[94mThread log started[90m[string [37mlog id [95mserver[90m][94m[90m[string [37mthread id [95m138805774386880[90m][94m
[90m     116 [94m~ [37m[94mPayload loop before default event
[90m 7001666 [94m~ [37m[94mProcess stoped
[90m       0 [94m~ [37m[94mThread log started[90m[string [37mlog id [95mserver[90m][94m[90m[string [37mthread id [95m138805774386880[90m][94m
[90m      26 [94m~ [37m[94mPayload loop before default event
[90m 4000881 [94m~ [37m[94mProcess stoped
[90m       0 [94m~ [37m[94mThread log started[90m[string [37mlog id [95mserver[90m][94m[90m[string [37mthread id [95m138805774386880[90m][94m
[90m     160 [94m~ [37m[94mPayload loop before default event
[90m 8002013 [94m~ [37m[94mProcess stoped
[90m       0 [94m~ [37m[94mThread log started[90m[string [37mlog id [95mserver[90m][94m[90m[string [37mthread id [95m138805774386880[90m][94m
[90m      90 [94m~ [37m[94mPayload loop before default event
[90m 3001026 [94m~ [37m[94mProcess stoped
[90m       0 [94m~ [37m[94mThread log started[90m[string [37mlog id [95mserver[90m][94m[90m[string [37mthread id [95m138805774386880[90m][94m
[90m      92 [94m~ [37m[94mPayload loop before default event
[90m 5001257 [94m~ [37m[94mProcess stoped
[90m       0 [94m~ [37m[94mThread log started[90m[string [37mlog id [95mserver[90m][94m[90m[string [37mthread id [95m138805774386880[90m][94m
[90m       0 [94m~ [37m[94mThread log started[90m[string [37mlog id [95mserver[90m][94m[90m[string [37mthread id [95m129653142456000[90m][94m
[90m      55 [94m~ [37m[94mPayload loop before default event
[90m 1000634 [94m~ [37m[94mProcess stoped
[90m       0 [94m~ [37m[94mThread log started[90m[string [37mlog id [95mserver[90m][94m[90m[string [37mthread id [95m129653142456000[90m][94m
[90m     150 [94m~ [37m[94mPayload loop before default event
[90m44008020 [94m~ [37m[94mProcess stoped
[90m       0 [94m~ [37m[94mThread log started[90m[string [37mlog id [95mserver[90m][94m[90m[string [37mthread id [95m129653142456000[90m][94m
[90m     105 [94m~ [37m[94mPayload loop before default event
[90m11002815 [94m~ [37m[94mProcess stoped
[90m       0 [94m~ [37m[94mThread log started[90m[string [37mlog id [95mserver[90m][94m[90m[string [37mthread id [95m129653142456000[90m][94m
[90m      82 [94m~ [37m[94mPayload loop before default event
[90m15037142 [94m~ [37m[94mProcess stoped
[90m       0 [94m~ [37m[94mThread log started[90m[string [37mlog id [95mserver[90m][94m[90m[string [37mthread id [95m129653142456000[90m][94m
[90m      60 [94m~ [37m[94mPayload loop before default event
[90m 2000703 [94m~ [37m[94mProcess stoped
[90m       0 [94m~ [37m[94mThread log started[90m[string [37mlog id [95mserver[90m][94m[90m[string [37mthread id [95m137492837697216[90m][94m
[90m      59 [94m~ [37m[94mPayload loop before default event
[90m 2000718 [94m~ [37m[94mProcess stoped
[90m       0 [94m~ [37m[94mThread log started[90m[string [37mlog id [95mserver[90m][94m[90m[string [37mthread id [95m137492837697216[90m][94m
[90m       0 [94m~ [37m[94mThread log started[90m[string [37mlog id [95mserver[90m][94m[90m[string [37mthread id [95m132672917604032[90m][94m
[90m     124 [94m~ [37m[94mPayload loop before default event
[90m 2000648 [94m~ [37m[94mProcess stoped
[90m       0 [94m~ [37m[94mThread log started[90m[string [37mlog id [95mserver[90m][94m[90m[string [37mthread id [95m132672917604032[90m][94m
[90m       0 [94m~ [37m[94mThread log started[90m[string [37mlog id [95mserver[90m][94m[90m[string [37mthread id [95m125810249828032[90m][94m
[90m      69 [94m~ [37m[94mPayload loop before default event
[90m 2000572 [94m~ [37m[94mProcess stoped
[90m       0 [94m~ [37m[94mThread log started[90m[string [37mlog id [95mserver[90m][94m[90m[string [37mthread id [95m125810249828032[90m][94m
[90m       0 [94m~ [37m[94mThread log started[90m[string [37mlog id [95mserver[90m][94m[90m[string [37mthread id [95m125594578716352[90m][94m
[90m 2000562 [94m~ [37m[94mProcess stoped
[90m       0 [94m~ [37m[94mThread log started[90m[string [37mlog id [95mserver[90m][94m[90m[string [37mthread id [95m125594578716352[90m][94m
[90m       0 [94m~ [37m[94mThread log started[90m[string [37mlog id [95mserver[90m][94m[90m[string [37mthread id [95m138518777038528[90m][94m
[90m 2000519 [94m~ [37m[94mProcess stoped
[90m       0 [94m~ [37m[94mThread log started[90m[string [37mlog id [95mserver[90m][94m[90m[string [37mthread id [95m138518777038528[90m][94m
[90m       0 [94m~ [37m[94mThread log started[90m[string [37mlog id [95mserver[90m][94m[90m[string [37mthread id [95m127005460793024[90m][94m
[90m 2000580 [94m~ [37m[94mProcess stoped
[90m       0 [94m~ [37m[94mThread log started[90m[string [37mlog id [95mserver[90m][94m[90m[string [37mthread id [95m127005460793024[90m][94m
[90m       0 [94m~ [37m[94mThread log started[90m[string [37mlog id [95mserver[90m][94m[90m[string [37mthread id [95m128967195494080[90m][94m
[90m 2000558 [94m~ [37m[94mProcess stoped
[90m       0 [94m~ [37m[94mThread log started[90m[string [37mlog id [95mserver[90m][94m[90m[string [37mthread id [95m128967195494080[90m][94m
[90m       0 [94m~ [37m[94mThread log started[90m[string [37mlog id [95mserver[90m][94m[90m[string [37mthread id [95m134971375224512[90m][94m
[90m 2000583 [94m~ [37m[94mProcess stoped
[90m       0 [94m~ [37m[94mThread log started[90m[string [37mlog id [95mserver[90m][94m[90m[string [37mthread id [95m134971375224512[90m][94m
[90m       0 [94m~ [37m[94mThread log started[90m[string [37mlog id [95mserver[90m][94m[90m[string [37mthread id [95m135964974384832[90m][94m
[90m 2000530 [94m~ [37m[94mProcess stoped
[90m       0 [94m~ [37m[94mThread log started[90m[string [37mlog id [95mserver[90m][94m[90m[string [37mthread id [95m135964974384832[90m][94m
[90m       0 [94m~ [37m[94mThread log started[90m[string [37mlog id [95mserver[90m][94m[90m[string [37mthread id [95m134678073837248[90m][94m
[90m 2000560 [94m~ [37m[94mProcess stoped
[90m       0 [94m~ [37m[94mThread log started[90m[string [37mlog id [95mserver[90m][94m[90m[string [37mthread id [95m134678073837248[90m][94m
[90m       0 [94m~ [37m[94mThread log started[90m[string [37mlog id [95mserver[90m][94m[90m[string [37mthread id [95m135087874115264[90m][94m
[90m 2000540 [94m~ [37m[94mProcess stoped
[90m       0 [94m~ [37m[94mThread log started[90m[string [37mlog id [95mserver[90m][94m[90m[string [37mthread id [95m135087874115264[90m][94m
[90m       0 [94m~ [37m[94mThread log started[90m[string [37mlog id [95mserver[90m][94m[90m[string [37mthread id [95m123735547840192[90m][94m
[90m 2000558 [94m~ [37m[94mProcess stoped
[90m       0 [94m~ [37m[94mThread log started[90m[string [37mlog id [95mserver[90m][94m[90m[string [37mthread id [95m123735547840192[90m][94m
[90m       0 [94m~ [37m[94mThread log started[90m[string [37mlog id [95mserver[90m][94m[90m[string [37mthread id [95m128812251612864[90m][94m
[90m 2000549 [94m~ [37m[94mProcess stoped
[90m       0 [94m~ [37m[94mThread log started[90m[string [37mlog id [95mserver[90m][94m[90m[string [37mthread id [95m128812251612864[90m][94m
[90m       0 [94m~ [37m[94mThread log started[90m[string [37mlog id [95mserver[90m][94m[90m[string [37mthread id [95m136009809397440[90m][94m
[90m 2000618 [94m~ [37m[94mProcess stoped
[90m       0 [94m~ [37m[94mThread log started[90m[string [37mlog id [95mserver[90m][94m[90m[string [37mthread id [95m136009809397440[90m][94m
[90m       0 [94m~ [37m[94mThread log started[90m[string [37mlog id [95mserver[90m][94m[90m[string [37mthread id [95m136495532869312[90m][94m
[90m       0 [94m~ [37m[94mThread log started[90m[string [37mlog id [95mserver[90m][94m[90m[string [37mthread id [95m133553543186112[90m][94m
[90m       0 [94m~ [37m[94mThread log started[90m[string [37mlog id [95mserver[90m][94m[90m[string [37mthread id [95m137905536239296[90m][94m
[90m 2000538 [94m~ [37m[94mProcess stoped
[90m       0 [94m~ [37m[94mThread log started[90m[string [37mlog id [95mserver[90m][94m[90m[string [37mthread id [95m137905536239296[90m][94m
[90m       0 [94m~ [37m[94mThread log started[90m[string [37mlog id [95mserver[90m][94m[90m[string [37mthread id [95m136968358856384[90m][94m
[90m       0 [94m~ [37m[94mThread log started[90m[string [37mlog id [95mserver[90m][94m[90m[string [37mthread id [95m125658009175744[90m][94m
[90m       0 [94m~ [37m[94mThread log started[90m[string [37mlog id [95mserver[90m][94m[90m[string [37mthread id [95m132704976766656[90m][94m
[90m 2000561 [94m~ [37m[94mProcess stoped
[90m       0 [94m~ [37m[94mThread log started[90m[string [37mlog id [95mserver[90m][94m[90m[string [37mthread id [95m132704976766656[90m][94m
[90m       0 [94m~ [37m[94mThread log started[90m[string [37mlog id [95mserver[90m][94m[90m[string [37mthread id [95m126791798752960[90m][94m
[90m 2000558 [94m~ [37m[94mProcess stoped
[90m       0 [94m~ [37m[94mThread log started[90m[string [37mlog id [95mserver[90m][94m[90m[string [37mthread id [95m126791798752960[90m][94m
[90m       0 [94m~ [37m[94mThread log started[90m[string [37mlog id [95mserver[90m][94m[90m[string [37mthread id [95m129649029940928[90m][94m
[90m 2000543 [94m~ [37m[94mProcess stoped
[90m       0 [94m~ [37m[94mThread log started[90m[string [37mlog id [95mserver[90m][94m[90m[string [37mthread id [95m129649029940928[90m][94m
[90m       0 [94m~ [37m[94mThread log started[90m[string [37mlog id [95mserver[90m][94m[90m[string [37mthread id [95m127603717441216[90m][94m
[90m 2000504 [94m~ [37m[94mProcess stoped
[90m       0 [94m~ [37m[94mThread log started[90m[string [37mlog id [95mserver[90m][94m[90m[string [37mthread id [95m127603717441216[90m][94m
[90m       0 [94m~ [37m[94mThread log started[90m[string [37mlog id [95mserver[90m][94m[90m[string [37mthread id [95m136320580060864[90m][94m
[90m       0 [94m~ [37m[94mThread log started[90m[string [37mlog id [95mserver[90m][94m[90m[string [37mthread id [95m132163032843968[90m][94m
[90m 2000607 [94m~ [37m[94mProcess stoped
[90m       0 [94m~ [37m[94mThread log started[90m[string [37mlog id [95mserver[90m][94m[90m[string [37mthread id [95m132163032843968[90m][94m
[90m       0 [94m~ [37m[94mThread log started[90m[string [37mlog id [95mserver[90m][94m[90m[string [37mthread id [95m129948413068992[90m][94m
[90m 2000602 [94m~ [37m[94mProcess stoped
[90m       0 [94m~ [37m[94mThread log started[90m[string [37mlog id [95mserver[90m][94m[90m[string [37mthread id [95m129948413068992[90m][94m
[90m       0 [94m~ [37m[94mThread log started[90m[string [37mlog id [95mserver[90m][94m[90m[string [37mthread id [95m127291132741312[90m][94m
[90m 2000639 [94m~ [37m[94mProcess stoped
[90m       0 [94m~ [37m[94mThread log started[90m[string [37mlog id [95mserver[90m][94m[90m[string [37mthread id [95m127291132741312[90m][94m
[90m       0 [94m~ [37m[94mThread log started[90m[string [37mlog id [95mserver[90m][94m[90m[string [37mthread id [95m140240796780224[90m][94m
[90m       0 [94m~ [37m[94mThread log started[90m[string [37mlog id [95mserver[90m][94m[90m[string [37mthread id [95m125369980028608[90m][94m
[90m 2000655 [94m~ [37m[94mProcess stoped
[90m       0 [94m~ [37m[94mThread log started[90m[string [37mlog id [95mserver[90m][94m[90m[string [37mthread id [95m125369980028608[90m][94m
[90m       0 [94m~ [37m[94mThread log started[90m[string [37mlog id [95mserver[90m][94m[90m[string [37mthread id [95m132327923517120[90m][94m
[90m       0 [94m~ [37m[94mThread log started[90m[string [37mlog id [95mserver[90m][94m[90m[string [37mthread id [95m134288374761152[90m][94m
[90m 2000648 [94m~ [37m[94mProcess stoped
[90m       0 [94m~ [37m[94mThread log started[90m[string [37mlog id [95mserver[90m][94m[90m[string [37mthread id [95m134288374761152[90m][94m
[90m       0 [94m~ [37m[94mThread log started[90m[string [37mlog id [95mserver[90m][94m[90m[string [37mthread id [95m130678941288128[90m][94m
[90m 2000826 [94m~ [37m[94mProcess stoped
[90m       0 [94m~ [37m[94mThread log started[90m[string [37mlog id [95mserver[90m][94m[90m[string [37mthread id [95m130678941288128[90m][94m
[90m       0 [94m~ [37m[94mThread log started[90m[string [37mlog id [95mserver[90m][94m[90m[string [37mthread id [95m136739874145984[90m][94m
[90m 2000585 [94m~ [37m[94mProcess stoped
[90m       0 [94m~ [37m[94mThread log started[90m[string [37mlog id [95mserver[90m][94m[90m[string [37mthread id [95m136739874145984[90m][94m
[90m       0 [94m~ [37m[94mThread log started[90m[string [37mlog id [95mserver[90m][94m[90m[string [37mthread id [95m130303465096896[90m][94m
[90m 2000618 [94m~ [37m[94mProcess stoped
[90m       0 [94m~ [37m[94mThread log started[90m[string [37mlog id [95mserver[90m][94m[90m[string [37mthread id [95m130303465096896[90m][94m
[90m       0 [94m~ [37m[94mThread log started[90m[string [37mlog id [95mserver[90m][94m[90m[string [37mthread id [95m125319369459392[90m][94m
[90m       0 [94m~ [37m[94mThread log started[90m[string [37mlog id [95mserver[90m][94m[90m[string [37mthread id [95m123264181470912[90m][94m
[90m       0 [94m~ [37m[94mThread log started[90m[string [37mlog id [95mserver[90m][94m[90m[string [37mthread id [95m130835961349824[90m][94m
[90m 2000581 [94m~ [37m[94mProcess stoped
[90m       0 [94m~ [37m[94mThread log started[90m[string [37mlog id [95mserver[90m][94m[90m[string [37mthread id [95m130835961349824[90m][94m
[90m       0 [94m~ [37m[94mThread log started[90m[string [37mlog id [95mserver[90m][94m[90m[string [37mthread id [95m128383780390592[90m][94m
[90m 2000558 [94m~ [37m[94mProcess stoped
[90m       0 [94m~ [37m[94mThread log started[90m[string [37mlog id [95mserver[90m][94m[90m[string [37mthread id [95m128383780390592[90m][94m
[90m       0 [94m~ [37m[94mThread log started[90m[string [37mlog id [95mserver[90m][94m[90m[string [37mthread id [95m127558467192512[90m][94m
[90m 2000590 [94m~ [37m[94mProcess stoped
[90m       0 [94m~ [37m[94mThread log started[90m[string [37mlog id [95mserver[90m][94m[90m[string [37mthread id [95m127558467192512[90m][94m
[90m       0 [94m~ [37m[94mThread log started[90m[string [37mlog id [95mserver[90m][94m[90m[string [37mthread id [95m129162681517760[90m][94m
[90m 2000872 [94m~ [37m[94mProcess stoped
[90m       0 [94m~ [37m[94mThread log started[90m[string [37mlog id [95mserver[90m][94m[90m[string [37mthread id [95m129162681517760[90m][94m
[90m       0 [94m~ [37m[94mThread log started[90m[string [37mlog id [95mserver[90m][94m[90m[string [37mthread id [95m126832791783104[90m][94m
[90m 2000637 [94m~ [37m[94mProcess stoped
[90m       0 [94m~ [37m[94mThread log started[90m[string [37mlog id [95mserver[90m][94m[90m[string [37mthread id [95m126832791783104[90m][94m
[90m       0 [94m~ [37m[94mThread log started[90m[string [37mlog id [95mserver[90m][94m[90m[string [37mthread id [95m126300578645696[90m][94m
[90m       0 [94m~ [37m[94mThread log started[90m[string [37mlog id [95mserver[90m][94m[90m[string [37mthread id [95m126200152327872[90m][94m
[90m       0 [94m~ [37m[94mThread log started[90m[string [37mlog id [95mserver[90m][94m[90m[string [37mthread id [95m128605505980096[90m][94m
[90m 2000642 [94m~ [37m[94mProcess stoped
[90m       0 [94m~ [37m[94mThread log started[90m[string [37mlog id [95mserver[90m][94m[90m[string [37mthread id [95m128605505980096[90m][94m
[90m       0 [94m~ [37m[94mThread log started[90m[string [37mlog id [95mserver[90m][94m[90m[string [37mthread id [95m127384451811008[90m][94m
[90m 2000556 [94m~ [37m[94mProcess stoped
[90m       0 [94m~ [37m[94mThread log started[90m[string [37mlog id [95mserver[90m][94m[90m[string [37mthread id [95m127384451811008[90m][94m
[90m       0 [94m~ [37m[94mThread log started[90m[string [37mlog id [95mserver[90m][94m[90m[string [37mthread id [95m128893145056960[90m][94m
[90m       0 [94m~ [37m[94mThread log started[90m[string [37mlog id [95mserver[90m][94m[90m[string [37mthread id [95m125124472735424[90m][94m
[90m       0 [94m~ [37m[94mThread log started[90m[string [37mlog id [95mserver[90m][94m[90m[string [37mthread id [95m135346492802752[90m][94m
[90m       0 [94m~ [37m[94mThread log started[90m[string [37mlog id [95mserver[90m][94m[90m[string [37mthread id [95m138493007234752[90m][94m
[90m 2000643 [94m~ [37m[94mProcess stoped
[90m       0 [94m~ [37m[94mThread log started[90m[string [37mlog id [95mserver[90m][94m[90m[string [37mthread id [95m138493007234752[90m][94m
[90m       0 [94m~ [37m[94mThread log started[90m[string [37mlog id [95mserver[90m][94m[90m[string [37mthread id [95m125324452955840[90m][94m
[90m       0 [94m~ [37m[94mThread log started[90m[string [37mlog id [95mserver[90m][94m[90m[string [37mthread id [95m135590913771200[90m][94m
[90m       0 [94m~ [37m[94mThread log started[90m[string [37mlog id [95mserver[90m][94m[90m[string [37mthread id [95m131266368243392[90m][94m
[90m 2000591 [94m~ [37m[94mProcess stoped
[90m       0 [94m~ [37m[94mThread log started[90m[string [37mlog id [95mserver[90m][94m[90m[string [37mthread id [95m131266368243392[90m][94m
[90m       0 [94m~ [37m[94mThread log started[90m[string [37mlog id [95mserver[90m][94m[90m[string [37mthread id [95m132736146736832[90m][94m
[90m 2000536 [94m~ [37m[94mProcess stoped
[90m       0 [94m~ [37m[94mThread log started[90m[string [37mlog id [95mserver[90m][94m[90m[string [37mthread id [95m132736146736832[90m][94m
[90m       0 [94m~ [37m[94mThread log started[90m[string [37mlog id [95mserver[90m][94m[90m[string [37mthread id [95m124732129150656[90m][94m
[90m 2000632 [94m~ [37m[94mProcess stoped
[90m       0 [94m~ [37m[94mThread log started[90m[string [37mlog id [95mserver[90m][94m[90m[string [37mthread id [95m124732129150656[90m][94m
[90m       0 [94m~ [37m[94mThread log started[90m[string [37mlog id [95mserver[90m][94m[90m[string [37mthread id [95m125518038959808[90m][94m
[90m 2000554 [94m~ [37m[94mProcess stoped
[90m       0 [94m~ [37m[94mThread log started[90m[string [37mlog id [95mserver[90m][94m[90m[string [37mthread id [95m125518038959808[90m][94m
[90m       0 [94m~ [37m[94mThread log started[90m[string [37mlog id [95mserver[90m][94m[90m[string [37mthread id [95m127478181922496[90m][94m
[90m 2000620 [94m~ [37m[94mProcess stoped
[90m       0 [94m~ [37m[94mThread log started[90m[string [37mlog id [95mserver[90m][94m[90m[string [37mthread id [95m127478181922496[90m][94m
[90m06019387 [94m~ [37m[94mProcess stoped
[90m       0 [94m~ [37m[94mThread log started[90m[string [37mlog id [95mserver[90m][94m[90m[string [37mthread id [95m127478181922496[90m][94m
[90m       0 [94m~ [37m[94mThread log started[90m[string [37mlog id [95mserver[90m][94m[90m[string [37mthread id [95m135534026426048[90m][94m
[90m 2000515 [94m~ [37m[94mProcess stoped
[90m       0 [94m~ [37m[94mThread log started[90m[string [37mlog id [95mserver[90m][94m[90m[string [37mthread id [95m135534026426048[90m][94m
[90m       0 [94m~ [37m[94mThread log started[90m[string [37mlog id [95mserver[90m][94m[90m[string [37mthread id [95m128473328780992[90m][94m
[90m 2000601 [94m~ [37m[94mProcess stoped
[90m       0 [94m~ [37m[94mThread log started[90m[string [37mlog id [95mserver[90m][94m[90m[string [37mthread id [95m128473328780992[90m][94m
[90m96082075 [94m~ [37m[94mProcess stoped
[90m       0 [94m~ [37m[94mThread log started[90m[string [37mlog id [95mserver[90m][94m[90m[string [37mthread id [95m128473328780992[90m][94m
[90m 2000874 [94m~ [37m[94mProcess stoped
[90m       0 [94m~ [37m[94mThread log started[90m[string [37mlog id [95mserver[90m][94m[90m[string [37mthread id [95m128473328780992[90m][94m
